0 info it worked if it ends with ok
1 verbose cli [ '/usr/bin/nodejs',
1 verbose cli   '/usr/bin/npm',
1 verbose cli   'uninstall',
1 verbose cli   '--save-dev',
1 verbose cli   '@types/es6-shim' ]
2 info using npm@3.5.2
3 info using node@v4.7.2
4 silly loadCurrentTree Starting
5 silly install loadCurrentTree
6 silly install readLocalPackageData
7 silly install normalizeTree
8 silly loadCurrentTree Finishing
9 silly loadIdealTree Starting
10 silly install loadIdealTree
11 silly cloneCurrentTree Starting
12 silly install cloneCurrentTreeToIdealTree
13 silly cloneCurrentTree Finishing
14 silly loadShrinkwrap Starting
15 silly install loadShrinkwrap
16 silly loadShrinkwrap Finishing
17 silly loadAllDepsIntoIdealTree Starting
18 silly uninstall loadAllDepsIntoIdealtree
19 verbose stack Error: Missing required argument #3
19 verbose stack     at replaceModule (/usr/share/npm/lib/install/deps.js:438:3)
19 verbose stack     at /usr/share/npm/lib/install/deps.js:234:7
19 verbose stack     at Array.forEach (native)
19 verbose stack     at exports.removeDeps (/usr/share/npm/lib/install/deps.js:230:8)
19 verbose stack     at Array.<anonymous> (/usr/share/npm/node_modules/slide/lib/bind-actor.js:15:8)
19 verbose stack     at LOOP (/usr/share/npm/node_modules/slide/lib/chain.js:15:14)
19 verbose stack     at chain (/usr/share/npm/node_modules/slide/lib/chain.js:20:5)
19 verbose stack     at Uninstaller.loadAllDepsIntoIdealTree (/usr/share/npm/lib/uninstall.js:72:3)
19 verbose stack     at Array.<anonymous> (/usr/share/npm/node_modules/slide/lib/bind-actor.js:15:8)
19 verbose stack     at LOOP (/usr/share/npm/node_modules/slide/lib/chain.js:15:14)
20 verbose cwd /tmp/SC_Js
21 error Linux 4.10.0-33-generic
22 error argv "/usr/bin/nodejs" "/usr/bin/npm" "uninstall" "--save-dev" "@types/es6-shim"
23 error node v4.7.2
24 error npm  v3.5.2
25 error code EMISSINGARG
26 error typeerror Error: Missing required argument #3
26 error typeerror     at replaceModule (/usr/share/npm/lib/install/deps.js:438:3)
26 error typeerror     at /usr/share/npm/lib/install/deps.js:234:7
26 error typeerror     at Array.forEach (native)
26 error typeerror     at exports.removeDeps (/usr/share/npm/lib/install/deps.js:230:8)
26 error typeerror     at Array.<anonymous> (/usr/share/npm/node_modules/slide/lib/bind-actor.js:15:8)
26 error typeerror     at LOOP (/usr/share/npm/node_modules/slide/lib/chain.js:15:14)
26 error typeerror     at chain (/usr/share/npm/node_modules/slide/lib/chain.js:20:5)
26 error typeerror     at Uninstaller.loadAllDepsIntoIdealTree (/usr/share/npm/lib/uninstall.js:72:3)
26 error typeerror     at Array.<anonymous> (/usr/share/npm/node_modules/slide/lib/bind-actor.js:15:8)
26 error typeerror     at LOOP (/usr/share/npm/node_modules/slide/lib/chain.js:15:14)
27 error typeerror This is an error with npm itself. Please report this error at:
27 error typeerror     <http://github.com/npm/npm/issues>
28 verbose exit [ 1, true ]
