Revision: 147
Author: gloomyson
Date: 16:42:32, 2016-7-29
Message:
1.Remove all constructor and protoProps with nothing added
2.Use set to replace array at in-magic-area unit finding and arbiter/detector in-area unit finding
3.Use generator function for hunter speech
4.Mark classPatch and classPackagePatch as decorator
----
Modified : /StarCraftES6/Characters/Animation.js
Modified : /StarCraftES6/Characters/Building.js
Modified : /StarCraftES6/Characters/Burst.js
Modified : /StarCraftES6/Characters/Magic.js
Modified : /StarCraftES6/Characters/Protoss.js
Modified : /StarCraftES6/Characters/Terran.js
Modified : /StarCraftES6/Characters/Zerg.js
Modified : /StarCraftES6/GameRule/Game.js
Modified : /StarCraftES6/GameRule/Levels.js
Modified : /StarCraftES6/GameRule/Referee.js
Modified : /StarCraftES6/Utils/gFrame.js

Revision: 146
Author: gloomyson
Date: 17:01:41, 2016-7-26
Message:
1.Change fn.extends to class-extends-fn for all classes: Gobj/Unit/AttackableUnit/Zerg/Terran/Protoss/Neutral/Hero/Bullets/Building/Burst/Animation/Hallucination
2.Add symbol _$.protoProps for hidden properties
3.Change some Father.prototype.fn.call(this,props) to super(props)
4.Change .extends(Building.Attackable) to mixin style codes
5.Add _$.classPatch and _$.classPackagePatch
6.Replace Animation.getName(anime) with anime.constructor.name
7.Remove all .inherited relative with source/portrait override
----
Modified : /StarCraftES6/Characters/Building.js
Modified : /StarCraftES6/Characters/Bullets.js
Modified : /StarCraftES6/Characters/Gobj.js
Modified : /StarCraftES6/Characters/Hero.js
Modified : /StarCraftES6/Characters/Magic.js
Modified : /StarCraftES6/Characters/Map.js
Modified : /StarCraftES6/Characters/Neutral.js
Modified : /StarCraftES6/Characters/Protoss.js
Modified : /StarCraftES6/Characters/Terran.js
Modified : /StarCraftES6/Characters/Units.js
Modified : /StarCraftES6/Characters/Zerg.js
Modified : /StarCraftES6/GameRule/Game.js
Modified : /StarCraftES6/Utils/gFrame.js
Modified : /StarCraftES6/Characters/Burst.js
Modified : /StarCraftES6/Characters/Animation.js

Revision: 145
Author: gloomyson
Date: 16:32:51, 2016-7-22
Message:
1.Change Zerg/Terran/Protoss/Neutral/Hero to class.extends
2.Replace some function to =>
3.Replace (props) to ({x,y,team=0}), (circle) to ({centerX,centerY,radius}), (msgObj) to ({cmds,tick})
4.Add (callback=function(){})
5.Add _$.mixin(...args) and [dist,...addIns]=args
6.Can use this pointer inside setTimeout function by =>
----
Modified : /StarCraftES6/Characters/Building.js
Modified : /StarCraftES6/Characters/Bullets.js
Modified : /StarCraftES6/Characters/Button.js
Modified : /StarCraftES6/Characters/Gobj.js
Modified : /StarCraftES6/Characters/Hero.js
Modified : /StarCraftES6/Characters/Magic.js
Modified : /StarCraftES6/Characters/Map.js
Modified : /StarCraftES6/Characters/Neutral.js
Modified : /StarCraftES6/Characters/Protoss.js
Modified : /StarCraftES6/Characters/Terran.js
Modified : /StarCraftES6/Characters/Units.js
Modified : /StarCraftES6/Characters/Zerg.js
Modified : /StarCraftES6/Controller/mouseController.js
Modified : /StarCraftES6/GameRule/Cheat.js
Modified : /StarCraftES6/GameRule/Game.js
Modified : /StarCraftES6/GameRule/Levels.js
Modified : /StarCraftES6/GameRule/Multiplayer.js
Modified : /StarCraftES6/GameRule/Referee.js
Modified : /StarCraftES6/Utils/gFrame.js
Modified : /StarCraftES6/Utils/sourceLoader.js

Revision: 144
Author: gloomyson
Date: 14:46:53, 2016-7-21
Message:
1.Add "const myself=this"
2.let []=[] for multi-assignment
3.let {}=cmd for multi-assignment-parse
4.Use for(let) to replace function(n){for(var)}(N)
5.Use "Object.getPrototypeOf(this)" to replace "this.constructor.prototype"
5.Use document.querySelector('') to replace $('')[0]
6.Use Array.from to replace $.makeArray
7.Set newly added properties extends/super/inherited/contains in gFrame as enumberable:false
----
Modified : /StarCraftES6/Characters/Building.js
Modified : /StarCraftES6/Characters/Bullets.js
Modified : /StarCraftES6/Characters/Button.js
Modified : /StarCraftES6/Characters/Gobj.js
Modified : /StarCraftES6/Characters/Magic.js
Modified : /StarCraftES6/Characters/Map.js
Modified : /StarCraftES6/Characters/Protoss.js
Modified : /StarCraftES6/Characters/Terran.js
Modified : /StarCraftES6/Characters/Units.js
Modified : /StarCraftES6/Characters/Zerg.js
Modified : /StarCraftES6/Controller/mouseController.js
Modified : /StarCraftES6/GameRule/Game.js
Modified : /StarCraftES6/GameRule/Levels.js
Modified : /StarCraftES6/GameRule/Multiplayer.js
Modified : /StarCraftES6/GameRule/Referee.js
Modified : /StarCraftES6/Utils/gFrame.js
Modified : /StarCraftES6/Characters/Burst.js
Modified : /StarCraftES6/Controller/keyController.js
Modified : /StarCraftES6/GameRule/Resource.js

Revision: 143
Author: gloomyson
Date: 15:01:23, 2016-7-20
Message:
1.Replace var with let
2.Replace 'str'+n with `str${n}`
3.Replace call(this) with bind(this)()
4.Replace arr1.concat(arr2) with [...arr1,...arr2]
5.Replace for(var in)&forEach with for(let in)
6.Add 'Number.' ahead of parseInt/parseFloat
7.(Only once)Replace father.extends({...}) with class XXX extends father
8.Add for(let task of Referee.tasks)
9.Double check in 'Fix loading process bar cannot work'
----
Modified : /StarCraftES6/Characters/Building.js
Modified : /StarCraftES6/Characters/Bullets.js
Modified : /StarCraftES6/Characters/Button.js
Modified : /StarCraftES6/Characters/Gobj.js
Modified : /StarCraftES6/Characters/Magic.js
Modified : /StarCraftES6/Characters/Map.js
Modified : /StarCraftES6/Characters/Protoss.js
Modified : /StarCraftES6/Characters/Terran.js
Modified : /StarCraftES6/Characters/Units.js
Modified : /StarCraftES6/Characters/Zerg.js
Modified : /StarCraftES6/Controller/mouseController.js
Modified : /StarCraftES6/GameRule/Cheat.js
Modified : /StarCraftES6/GameRule/Game.js
Modified : /StarCraftES6/GameRule/Levels.js
Modified : /StarCraftES6/GameRule/Multiplayer.js
Modified : /StarCraftES6/GameRule/Referee.js
Modified : /StarCraftES6/Utils/gFrame.js
Modified : /StarCraftES6/Utils/sourceLoader.js
Modified : /StarCraftES6/Characters/Burst.js
Modified : /StarCraftES6/Controller/keyController.js
Modified : /StarCraftES6/GameRule/Resource.js
Modified : /StarCraftES6/Characters/Animation.js
Modified : /StarCraftES6/Characters/Upgrade.js
Modified : /StarCraftES6/index.html

Revision: 140
Author: gloomyson
Date: 17:33:14, 2016-7-14
Message:
Create ES6 branch
----
Added : /StarCraftES6 (Copy from path: /StarCraft, Revision, 139)

